INFO 2023-09-29 09:13:13,164 get_all_orders 7348 30196 Get all orders!
INFO 2023-09-29 09:13:42,145 get_all_orders 2896 11408 Get all orders!
INFO 2023-09-29 09:27:20,013 create_client 28788 30232 Successfully create client: Name: name=q1, email: email=q2, phone: phone=q3, address: address=q4, register_date: 2023-09-29 06:27:20.004335+00:00
INFO 2023-09-29 09:28:39,794 create_client 11464 18968 Successfully create client: Name: name=q1 q1, email: email=q2@qw.qw, phone: phone=+7-987-123-45-56, address: address=q1 q2 q3 q4, register_date: 2023-09-29 06:28:39.788598+00:00
INFO 2023-09-29 09:28:55,090 get_all_clients 27136 27228 Get all clients!
INFO 2023-09-29 09:31:23,305 get_all_clients 1828 16772 Get all clients!
INFO 2023-09-29 09:32:33,348 create_client 16192 25512 Successfully create client: Name: 'q2 q2', email: q3@zx.zx, phone: '+7-000-000-00-01', address: 'heaven', register_date: 2023-09-29 06:32:33.343979+00:00
INFO 2023-09-29 09:40:07,606 create_product 25468 12628 Successfully create product: Name: 'a1 a2' ,Description: 'qw as zx' ,Price: 12.34 ,Amount: 100 ,Create_date: 2023-09-29 06:40:07.602499+00:00 
INFO 2023-09-29 10:16:31,753 create_client 31564 7944 Successfully create client: Name: 'rrr', email: eeee, phone: 'wwww', address: 'zzzz', register_date: 2023-09-29 07:16:31.742884+00:00
INFO 2023-09-29 10:18:06,510 create_client 1104 4104 Successfully create client: Name: 'rrr', email: eeee, phone: 'wwww', address: 'zzzz', register_date: 2023-09-29 07:18:06.499924+00:00
INFO 2023-09-29 10:18:36,252 create_client 28592 17856 Successfully create client: Name: 'xxx', email: xxx, phone: 'xxx', address: 'xxx', register_date: 2023-09-29 07:18:36.241669+00:00
INFO 2023-09-29 10:27:03,929 gen_fake_data 22096 31412 Walter Davis
INFO 2023-09-29 10:27:09,725 gen_fake_data 31272 25328 Andrea Bradford
INFO 2023-09-29 10:28:15,055 gen_fake_data 3252 11792 fake.name: Samantha Jacobsfake.address: 3384 Myers Hollow Apt. 061
North Michael, OR 75521
INFO 2023-09-29 10:30:11,998 gen_fake_data 16320 26604 fake.name: Jonathan Strickland
fake.address: 340 Johnson Landing Suite 013
South Sara, PA 54225
fake.phone: brittanysantos@example.org
INFO 2023-09-29 10:34:19,411 gen_fake_data 16612 1768 fake.name: Kenneth Lawson
fake.address: 82092 Lucas Station
New Donna, LA 55365
fake.email: jennahicks@example.org
fake.phone_number: 001-545-415-1823x70876
INFO 2023-09-29 10:37:34,497 gen_fake_data 29892 30360 fake.name: Lynn Callahan
fake.address: 14654 Elizabeth Inlet
Rodriguezfort, TN 57257
fake.email: lclarke@example.net
fake.phone_number: 953.885.6066x3869
fake.text: Cup seven life popular hit. Thousand practice significant training officer worry.
INFO 2023-09-29 10:38:02,021 gen_fake_data 8900 21248 fake.name: Силин Август Ильясович
fake.address: д. Алапаевск, бул. Микрорайон, д. 9/6 стр. 1, 181231
fake.email: karpovladislav@example.com
fake.phone_number: +7 719 638 2337
fake.text: Естественный труп помимо выраженный.
Дремать пространство покидать художественный спалить ложиться проход потом. Видимо покидать правление выгнать спасть.
INFO 2023-09-29 10:38:06,870 gen_fake_data 30632 14792 fake.name: Милица Степановна Пестова
fake.address: с. Карпинск, ш. Мирное, д. 715, 596734
fake.email: vatslav34@example.net
fake.phone_number: 8 (716) 235-24-51
fake.text: Свежий спешить тяжелый предоставить табак. Бетонный лиловый нож пасть металл изба.
Упорно ход экзамен потянуться через пересечь. Чувство кожа новый. Около устройство покинуть.
INFO 2023-09-29 11:12:54,758 create_client 27304 23264 Successfully create client: Name: 'Анна Аскольдовна Елисеева', email: hariton2001@example.com, phone: '+7 326 688 4013', address: 'г. Кулунда, ул. Восточная, д. 6 стр. 8/2, 214264', register_date: 2023-09-29 08:12:54.754027+00:00
INFO 2023-09-29 11:12:54,764 create_client 27304 23264 Successfully create client: Name: 'Ратмир Антипович Куликов', email: kalashnikovakira@example.com, phone: '8 326 673 76 44', address: 'ст. Сальск, ш. К.Маркса, д. 775 стр. 23, 083790', register_date: 2023-09-29 08:12:54.761021+00:00
INFO 2023-09-29 11:12:54,765 gen_fake_data 27304 23264 Added 2 record into table Clients
INFO 2023-09-29 11:12:54,769 create_product 27304 23264 Successfully create product: Name: 'Функция неправда' ,Description: 'Устройство банда задрать оставить. Жестокий монета умолять кузнец.
Вывести расстегнуть пробовать успокоиться поезд. Понятный вскакивать художественный чем. Степь табак печатать крыса.' ,Price: 6447.71 ,Amount: 13 ,Create_date: 2023-09-29 08:12:54.766412+00:00 
INFO 2023-09-29 11:12:54,773 create_product 27304 23264 Successfully create product: Name: 'Кузнец затянуться' ,Description: 'Следовательно тесно бегать. Бочок банк вообще войти указанный. Доставать поздравлять сутки.' ,Price: 3651.23 ,Amount: 82 ,Create_date: 2023-09-29 08:12:54.769984+00:00 
INFO 2023-09-29 11:12:54,774 gen_fake_data 27304 23264 Added 2 record into table Products
INFO 2023-09-29 11:13:47,588 create_client 30996 19244 Successfully create client: Name: 'Пестов Геннадий Августович', email: kazakovefim@example.org, phone: '+7 125 015 74 55', address: 'клх Бузулук, пр. Мая 1, д. 3 к. 4/6, 392159', register_date: 2023-09-29 08:13:47.578353+00:00
INFO 2023-09-29 11:13:47,593 create_client 30996 19244 Successfully create client: Name: 'Полина Кузьминична Тетерина', email: lihachevalora@example.org, phone: '+7 228 949 49 36', address: 'с. Невельск, ул. Нагорная, д. 676 стр. 88, 394224', register_date: 2023-09-29 08:13:47.589863+00:00
INFO 2023-09-29 11:13:47,598 create_client 30996 19244 Successfully create client: Name: 'Панов Тихон Ермилович', email: grishinairaida@example.net, phone: '+7 (888) 999-5488', address: 'ст. Йошкар-Ола, ул. Радужная, д. 133 стр. 92, 324233', register_date: 2023-09-29 08:13:47.595075+00:00
INFO 2023-09-29 11:13:47,603 create_client 30996 19244 Successfully create client: Name: 'Рыбаков Орест Григорьевич', email: savvabelozerov@example.org, phone: '83556430626', address: 'ст. Можга, алл. Виноградная, д. 6, 279393', register_date: 2023-09-29 08:13:47.598933+00:00
INFO 2023-09-29 11:13:47,607 create_client 30996 19244 Successfully create client: Name: 'Мясникова Акулина Константиновна', email: akimkrilov@example.com, phone: '8 (983) 247-07-28', address: 'с. Челюскин, ул. Заовражная, д. 49, 604625', register_date: 2023-09-29 08:13:47.603037+00:00
INFO 2023-09-29 11:13:47,611 create_client 30996 19244 Successfully create client: Name: 'Тетерина Ангелина Константиновна', email: kapustinratmir@example.com, phone: '+7 261 744 12 57', address: 'ст. Ярославль, ш. Ореховое, д. 14 к. 19, 712604', register_date: 2023-09-29 08:13:47.607049+00:00
INFO 2023-09-29 11:13:47,616 create_client 30996 19244 Successfully create client: Name: 'Фаина Ждановна Дмитриева', email: dsharov@example.net, phone: '8 (190) 687-1966', address: 'ст. Назрань, наб. 8 Марта, д. 95 стр. 48, 723635', register_date: 2023-09-29 08:13:47.612215+00:00
INFO 2023-09-29 11:13:47,621 create_client 30996 19244 Successfully create client: Name: 'г-жа Васильева Мария Архиповна', email: ipat54@example.net, phone: '8 216 500 4428', address: 'к. Ульяновск, алл. Техническая, д. 210 к. 445, 953488', register_date: 2023-09-29 08:13:47.618142+00:00
INFO 2023-09-29 11:13:47,625 create_client 30996 19244 Successfully create client: Name: 'Феликс Артёмович Самсонов', email: georgi_2001@example.org, phone: '8 392 625 88 56', address: 'с. Пинега, наб. Украинская, д. 22, 154472', register_date: 2023-09-29 08:13:47.622344+00:00
INFO 2023-09-29 11:13:47,629 create_client 30996 19244 Successfully create client: Name: 'Добромысл Всеволодович Анисимов', email: rostislav2000@example.com, phone: '+7 911 630 09 54', address: 'п. Беслан, наб. Ильича, д. 6 к. 54, 031412', register_date: 2023-09-29 08:13:47.626657+00:00
INFO 2023-09-29 11:13:47,633 create_client 30996 19244 Successfully create client: Name: 'Шаров Борислав Ильясович', email: pahommiheev@example.com, phone: '+76552494459', address: 'п. Тура, пер. Дальневосточный, д. 2 стр. 49, 826771', register_date: 2023-09-29 08:13:47.630738+00:00
INFO 2023-09-29 11:13:47,637 create_client 30996 19244 Successfully create client: Name: 'Селезнев Ефим Федосьевич', email: ruslan_14@example.org, phone: '+7 (711) 967-52-85', address: 'д. Ставрополь, пер. Тукая, д. 1/7, 035707', register_date: 2023-09-29 08:13:47.634539+00:00
INFO 2023-09-29 11:13:47,642 create_client 30996 19244 Successfully create client: Name: 'Медведева Зинаида Тимуровна', email: eliseevlongin@example.net, phone: '8 716 592 0941', address: 'ст. Печора, алл. Гаражная, д. 4 к. 1/3, 830609', register_date: 2023-09-29 08:13:47.639451+00:00
INFO 2023-09-29 11:13:47,647 create_client 30996 19244 Successfully create client: Name: 'Нонна Викторовна Зыкова', email: danila1990@example.com, phone: '+77539794242', address: 'клх Гремячинск (Перм.), бул. Серафимовича, д. 5/2 стр. 74, 910300', register_date: 2023-09-29 08:13:47.643926+00:00
INFO 2023-09-29 11:13:47,652 create_client 30996 19244 Successfully create client: Name: 'Комарова Галина Алексеевна', email: ruslanorehov@example.org, phone: '+7 (025) 568-7710', address: 'г. Челюскин, наб. Медицинская, д. 303 стр. 237, 408749', register_date: 2023-09-29 08:13:47.648489+00:00
INFO 2023-09-29 11:13:47,657 create_client 30996 19244 Successfully create client: Name: 'Будимир Иосипович Крюков', email: moke_2008@example.net, phone: '+7 (278) 274-45-88', address: 'г. Анива, алл. Осенняя, д. 2/6, 244307', register_date: 2023-09-29 08:13:47.653893+00:00
INFO 2023-09-29 11:13:47,662 create_client 30996 19244 Successfully create client: Name: 'Моисеев Евстигней Власович', email: osipovladislav@example.com, phone: '8 824 956 14 79', address: 'клх Касимов, пер. Высоковольтный, д. 824 стр. 2/9, 663869', register_date: 2023-09-29 08:13:47.658388+00:00
INFO 2023-09-29 11:13:47,667 create_client 30996 19244 Successfully create client: Name: 'Пестова Антонина Романовна', email: marfa1987@example.com, phone: '+7 074 646 20 67', address: 'п. Тверь, алл. Чапаева, д. 7, 983967', register_date: 2023-09-29 08:13:47.663953+00:00
INFO 2023-09-29 11:13:47,670 create_client 30996 19244 Successfully create client: Name: 'Колесников Август Авдеевич', email: bbespalova@example.org, phone: '+7 314 376 6185', address: 'д. Малая Вишера, пер. Халтурина, д. 42 стр. 505, 909360', register_date: 2023-09-29 08:13:47.668454+00:00
INFO 2023-09-29 11:13:47,675 create_client 30996 19244 Successfully create client: Name: 'Романов Мартьян Ефстафьевич', email: faina_08@example.net, phone: '+79268662996', address: 'д. Элиста, наб. Байкальская, д. 234 стр. 65, 277846', register_date: 2023-09-29 08:13:47.672672+00:00
INFO 2023-09-29 11:13:47,675 gen_fake_data 30996 19244 Added 20 record into table Clients
INFO 2023-09-29 11:13:47,679 create_product 30996 19244 Successfully create product: Name: 'Вряд дальний' ,Description: 'Июнь при скользить экзамен правление. Второй художественный зеленый основание.
Кольцо крутой витрина даль госпожа. Изменение дремать покидать иной дремать хотеть юный пастух.' ,Price: 5725.50 ,Amount: 36 ,Create_date: 2023-09-29 08:13:47.676540+00:00 
INFO 2023-09-29 11:13:47,684 create_product 30996 19244 Successfully create product: Name: 'Помимо выражаться' ,Description: 'Покидать социалистический адвокат салон собеседник вскакивать потрясти.' ,Price: 7752.41 ,Amount: 16 ,Create_date: 2023-09-29 08:13:47.681108+00:00 
INFO 2023-09-29 11:13:47,689 create_product 30996 19244 Successfully create product: Name: 'Лететь кольцо' ,Description: 'Смелый белье прощение лапа тревога горький. Горький развитый заложить. Магазин мрачно способ металл ягода головка мелькнуть. Инвалид танцевать медицина достоинство запеть плод.' ,Price: 9566.62 ,Amount: 21 ,Create_date: 2023-09-29 08:13:47.685455+00:00 
INFO 2023-09-29 11:13:47,693 create_product 30996 19244 Successfully create product: Name: 'Призыв плод' ,Description: 'Беспомощный голубчик головка инструкция. Число счастье граница сравнение художественный пространство. Разуметься полюбить желание функция. Каюта ярко оборот отметить применяться.' ,Price: 821.27 ,Amount: 62 ,Create_date: 2023-09-29 08:13:47.690415+00:00 
INFO 2023-09-29 11:13:47,696 create_product 30996 19244 Successfully create product: Name: 'Боец свежий' ,Description: 'Умолять медицина забирать снимать правый падать.
Одиннадцать встать набор полоска. Каюта редактор плавно смеяться возмутиться носок.' ,Price: 9518.26 ,Amount: 75 ,Create_date: 2023-09-29 08:13:47.693896+00:00 
INFO 2023-09-29 11:13:47,702 create_product 30996 19244 Successfully create product: Name: 'Порода премьера' ,Description: 'Тусклый домашний смертельный покидать ведь что возможно. Головка дремать рис бок засунуть оставить парень поговорить.
Затянуться эффект поговорить подробность казнь процесс медицина.' ,Price: 3489.49 ,Amount: 93 ,Create_date: 2023-09-29 08:13:47.699411+00:00 
INFO 2023-09-29 11:13:47,706 create_product 30996 19244 Successfully create product: Name: 'Поговорить карандаш' ,Description: 'Премьера адвокат космос уничтожение социалистический. Торговля выразить степь решение тесно. Шлем инфекция ход падаль лапа равнодушный полюбить коллектив.' ,Price: 4343.89 ,Amount: 92 ,Create_date: 2023-09-29 08:13:47.704271+00:00 
INFO 2023-09-29 11:13:47,712 create_product 30996 19244 Successfully create product: Name: 'Рабочий темнеть' ,Description: 'Мучительно оборот неправда металл деловой. Встать что заложить реклама.
Пространство единый разводить нервно сынок порядок. Господь инструкция встать редактор ученый тревога.' ,Price: 66.50 ,Amount: 59 ,Create_date: 2023-09-29 08:13:47.709107+00:00 
INFO 2023-09-29 11:13:47,716 create_product 30996 19244 Successfully create product: Name: 'Неудобно поздравлять' ,Description: 'Решение выражаться страсть засунуть ответить четыре армейский. Металл неудобно результат.
Намерение растеряться запустить горький выражаться. Выражаться падать сбросить успокоиться головной.' ,Price: 4389.65 ,Amount: 71 ,Create_date: 2023-09-29 08:13:47.712154+00:00 
INFO 2023-09-29 11:13:47,720 create_product 30996 19244 Successfully create product: Name: 'Видимо поколение' ,Description: 'Растеряться сравнение народ. Материя выразить ремень выгнать изменение дьявол.
Чувство порода зачем дьявол. Славный вздрогнуть ломать командование висеть точно. Полностью набор рай полюбить карандаш.' ,Price: 637.77 ,Amount: 74 ,Create_date: 2023-09-29 08:13:47.717595+00:00 
INFO 2023-09-29 11:13:47,724 create_product 30996 19244 Successfully create product: Name: 'Желание прежний' ,Description: 'Прошептать растеряться табак салон медицина легко. Крыса боец правильный снимать висеть реклама упорно. Лапа исследование исполнять штаб собеседник дрогнуть.' ,Price: 29.22 ,Amount: 96 ,Create_date: 2023-09-29 08:13:47.721354+00:00 
INFO 2023-09-29 11:13:47,729 create_product 30996 19244 Successfully create product: Name: 'Промолчать иной' ,Description: 'Валюта задержать возбуждение ученый цепочка. Нажать бригада ученый. Построить угол сынок.
Изредка ручей тяжелый упор радость. Ломать сбросить исполнять советовать.' ,Price: 1291.22 ,Amount: 70 ,Create_date: 2023-09-29 08:13:47.726108+00:00 
INFO 2023-09-29 11:13:47,735 create_product 30996 19244 Successfully create product: Name: 'Встать монета' ,Description: 'Дыхание госпожа исследование следовательно пересечь запеть. Труп освободить отдел изба вытаскивать.' ,Price: 4940.81 ,Amount: 47 ,Create_date: 2023-09-29 08:13:47.729530+00:00 
INFO 2023-09-29 11:13:47,739 create_product 30996 19244 Successfully create product: Name: 'Помолчать столетие' ,Description: 'Нож ломать витрина песенка функция военный находить. Июнь сбросить картинка тревога академик. Доставать боец место число. Издали непривычный заработать.' ,Price: 1871.96 ,Amount: 57 ,Create_date: 2023-09-29 08:13:47.736620+00:00 
INFO 2023-09-29 11:13:47,744 create_product 30996 19244 Successfully create product: Name: 'Господь банда' ,Description: 'Развитый одиннадцать запретить интеллектуальный прошептать белье.
Вытаскивать ручей аж обида хотеть спичка. Выраженный бегать чувство решетка.' ,Price: 5762.96 ,Amount: 2 ,Create_date: 2023-09-29 08:13:47.740477+00:00 
INFO 2023-09-29 11:13:47,749 create_product 30996 19244 Successfully create product: Name: 'Свежий крыса' ,Description: 'Заложить хлеб приходить угол плод наступать. Головной реклама одиннадцать поезд новый за секунда сохранять. Цепочка сустав близко вздрогнуть.' ,Price: 9541.63 ,Amount: 32 ,Create_date: 2023-09-29 08:13:47.745624+00:00 
INFO 2023-09-29 11:13:47,753 create_product 30996 19244 Successfully create product: Name: 'Мучительно опасность' ,Description: 'Художественный господь научить бетонный школьный мера прежде выкинуть. Проход страсть порядок. Что отражение развернуться сынок сверкающий дьявол пространство.' ,Price: 2974.80 ,Amount: 41 ,Create_date: 2023-09-29 08:13:47.750229+00:00 
INFO 2023-09-29 11:13:47,756 create_product 30996 19244 Successfully create product: Name: 'Солнце более' ,Description: 'Кидать инвалид вскинуть посидеть спичка плод развитый пропаганда. Строительство приятель ночь совет блин плод.' ,Price: 6812.14 ,Amount: 9 ,Create_date: 2023-09-29 08:13:47.754142+00:00 
INFO 2023-09-29 11:13:47,760 create_product 30996 19244 Successfully create product: Name: 'Вообще ремень' ,Description: 'Кидать покидать банда интеллектуальный соответствие вскакивать палец. Интернет сынок затянуться встать. Рис витрина сохранять запретить девка зеленый социалистический.' ,Price: 8244.15 ,Amount: 21 ,Create_date: 2023-09-29 08:13:47.757680+00:00 
INFO 2023-09-29 11:13:47,766 create_product 30996 19244 Successfully create product: Name: 'Угол палата' ,Description: 'Исполнять деловой вариант носок прежний роса экзамен банк. Миллиард социалистический дремать лететь мелочь команда интеллектуальный. Скрытый стакан услать премьера разводить порода.' ,Price: 8941.41 ,Amount: 61 ,Create_date: 2023-09-29 08:13:47.761177+00:00 
INFO 2023-09-29 11:13:47,767 gen_fake_data 30996 19244 Added 20 record into table Products
INFO 2023-09-29 11:29:36,425 clear_all 24080 23068 Clear all data in Order table!
INFO 2023-09-29 11:29:36,516 clear_all 24080 23068 Clear all data in Product table!
INFO 2023-09-29 11:29:36,601 clear_all 24080 23068 Clear all data in Clents table!
INFO 2023-09-29 11:29:53,681 create_client 23176 31620 Successfully create client: Name: 'тов. Мартынов Остромир Августович', email: zahar2003@example.net, phone: '+7 (089) 660-64-01', address: 'с. Мытищи, ул. Восточная, д. 9 к. 9, 863970', register_date: 2023-09-29 08:29:53.672124+00:00
INFO 2023-09-29 11:29:53,688 create_client 23176 31620 Successfully create client: Name: 'Григорий Вячеславович Князев', email: epifan32@example.org, phone: '8 (570) 886-3778', address: 'д. Муравленко, наб. Надежды, д. 5, 757276', register_date: 2023-09-29 08:29:53.682829+00:00
INFO 2023-09-29 11:29:53,692 create_client 23176 31620 Successfully create client: Name: 'Стрелков Ипполит Аксёнович', email: vasilibobilev@example.org, phone: '+7 (564) 275-9996', address: 'к. Голицыно, наб. Осенняя, д. 21 стр. 8/7, 572655', register_date: 2023-09-29 08:29:53.689071+00:00
INFO 2023-09-29 11:29:53,697 create_client 23176 31620 Successfully create client: Name: 'Козлов Лев Устинович', email: kudrjashovaevgenija@example.com, phone: '+73131905542', address: 'к. Торжок, алл. Белорусская, д. 5 стр. 127, 036042', register_date: 2023-09-29 08:29:53.694431+00:00
INFO 2023-09-29 11:29:53,702 create_client 23176 31620 Successfully create client: Name: 'Кира Рубеновна Соболева', email: saveli59@example.com, phone: '+79283796939', address: 'к. Истра, ул. Калинина, д. 686 стр. 43, 706777', register_date: 2023-09-29 08:29:53.698970+00:00
INFO 2023-09-29 11:29:53,705 create_client 23176 31620 Successfully create client: Name: 'Лазарев Артемий Харлампьевич', email: prokofi_2019@example.com, phone: '84414619675', address: 'ст. Брянск, наб. Азовская, д. 39 к. 8, 297992', register_date: 2023-09-29 08:29:53.703301+00:00
INFO 2023-09-29 11:29:53,709 create_client 23176 31620 Successfully create client: Name: 'Платон Дорофеевич Ширяев', email: prokofi2013@example.com, phone: '+7 (922) 358-73-04', address: 'ст. Самара, пр. Российский, д. 7/7 стр. 2, 114908', register_date: 2023-09-29 08:29:53.706795+00:00
INFO 2023-09-29 11:29:53,715 create_client 23176 31620 Successfully create client: Name: 'Ирина Андреевна Елисеева', email: zaharovaraisa@example.com, phone: '+7 500 643 5203', address: 'клх Новый Уренгой, пер. Спортивный, д. 308 стр. 3, 494560', register_date: 2023-09-29 08:29:53.711496+00:00
INFO 2023-09-29 11:29:53,720 create_client 23176 31620 Successfully create client: Name: 'Алла Леоновна Горбунова', email: kir2010@example.com, phone: '8 705 964 66 24', address: 'с. Нижний Новгород, ул. Брянская, д. 532, 699348', register_date: 2023-09-29 08:29:53.716321+00:00
INFO 2023-09-29 11:29:53,723 create_client 23176 31620 Successfully create client: Name: 'Ростислав Матвеевич Быков', email: filimon_1985@example.org, phone: '+7 (278) 801-3611', address: 'клх Калач-на-Дону, наб. Микрорайон, д. 69 к. 2, 815400', register_date: 2023-09-29 08:29:53.720233+00:00
INFO 2023-09-29 11:29:53,729 create_client 23176 31620 Successfully create client: Name: 'Евсеева Синклитикия Олеговна', email: silanti09@example.org, phone: '8 890 582 8818', address: 'с. Кизел, пр. Береговой, д. 6 к. 31, 607420', register_date: 2023-09-29 08:29:53.725678+00:00
INFO 2023-09-29 11:29:53,736 create_client 23176 31620 Successfully create client: Name: 'Давыдова Валентина Ефимовна', email: shubinaalevtina@example.org, phone: '+7 389 040 5834', address: 'ст. Нижнекамск, алл. Песчаная, д. 529, 187589', register_date: 2023-09-29 08:29:53.732174+00:00
INFO 2023-09-29 11:29:53,740 create_client 23176 31620 Successfully create client: Name: 'Овчинникова Евгения Робертовна', email: evseevvalerjan@example.org, phone: '+7 642 123 22 07', address: 'п. Осташков, пер. Угольный, д. 882 стр. 336, 946000', register_date: 2023-09-29 08:29:53.737644+00:00
INFO 2023-09-29 11:29:53,744 create_client 23176 31620 Successfully create client: Name: 'Кирилл Андреевич Аксенов', email: braginborislav@example.org, phone: '+7 371 145 60 55', address: 'п. Пышма, бул. Литейный, д. 5/8, 009963', register_date: 2023-09-29 08:29:53.742228+00:00
INFO 2023-09-29 11:29:53,749 create_client 23176 31620 Successfully create client: Name: 'Ипат Аксёнович Овчинников', email: florentinkovalev@example.net, phone: '+7 916 789 1984', address: 'клх Кизляр, бул. Свободный, д. 439, 260278', register_date: 2023-09-29 08:29:53.745947+00:00
INFO 2023-09-29 11:29:53,754 create_client 23176 31620 Successfully create client: Name: 'Кира Петровна Гордеева', email: arkadikrilov@example.net, phone: '+7 148 266 7745', address: 'ст. Горно-Алтайск, бул. Урожайный, д. 46 к. 78, 374097', register_date: 2023-09-29 08:29:53.751142+00:00
INFO 2023-09-29 11:29:53,758 create_client 23176 31620 Successfully create client: Name: 'Велимир Игнатьевич Яковлев', email: natan_1973@example.net, phone: '8 274 997 61 47', address: 'д. Кирово-Чепецк, пр. Коммунаров, д. 3/1 стр. 682, 461362', register_date: 2023-09-29 08:29:53.755405+00:00
INFO 2023-09-29 11:29:53,762 create_client 23176 31620 Successfully create client: Name: 'Алла Олеговна Щербакова', email: agge1972@example.org, phone: '8 566 008 45 13', address: 'п. Кисловодск, пр. Советский, д. 4, 314723', register_date: 2023-09-29 08:29:53.758509+00:00
INFO 2023-09-29 11:29:53,766 create_client 23176 31620 Successfully create client: Name: 'Лобанов Вадим Брониславович', email: agolubev@example.com, phone: '8 574 832 67 77', address: 'клх Шамары, бул. Микрорайон, д. 2/6, 507224', register_date: 2023-09-29 08:29:53.763805+00:00
INFO 2023-09-29 11:29:53,769 create_client 23176 31620 Successfully create client: Name: 'Майя Степановна Ершова', email: kondratevnaum@example.net, phone: '8 051 008 24 35', address: 'клх Асино, ш. Заречное, д. 4, 264664', register_date: 2023-09-29 08:29:53.766812+00:00
INFO 2023-09-29 11:29:53,770 gen_fake_data 23176 31620 Added 20 record into table Clients
INFO 2023-09-29 11:29:53,774 create_product 23176 31620 Successfully create product: Name: 'Бригада ложиться' ,Description: 'Избегать командир ярко командир. Решетка адвокат понятный серьезный табак упорно.
Жидкий лететь затянуться командир. Применяться пропаганда адвокат.' ,Price: 7435.50 ,Amount: 82 ,Create_date: 2023-09-29 08:29:53.770704+00:00 
INFO 2023-09-29 11:29:53,781 create_product 23176 31620 Successfully create product: Name: 'Термин коробка' ,Description: 'Правый лететь вообще число. Передо голубчик лапа демократия ученый социалистический господь. Запеть умирать инвалид призыв. Ботинок пропаганда растеряться пастух невыносимый место сынок.' ,Price: 190.45 ,Amount: 46 ,Create_date: 2023-09-29 08:29:53.775907+00:00 
INFO 2023-09-29 11:29:53,786 create_product 23176 31620 Successfully create product: Name: 'Фонарик выраженный' ,Description: 'Рабочий песня скрытый приличный что тревога горький. Кузнец спичка пятеро медицина школьный.
Домашний дальний командование пропаганда сынок порядок через. Рот налево цвет ход.' ,Price: 7221.73 ,Amount: 14 ,Create_date: 2023-09-29 08:29:53.783121+00:00 
INFO 2023-09-29 11:29:53,789 create_product 23176 31620 Successfully create product: Name: 'Ложиться приятель' ,Description: 'Анализ соответствие прошептать ныне.
Вчера прелесть выраженный рота ложиться сравнение услать. Ставить ручей пасть болото единый.' ,Price: 4217.65 ,Amount: 2 ,Create_date: 2023-09-29 08:29:53.786149+00:00 
INFO 2023-09-29 11:29:53,794 create_product 23176 31620 Successfully create product: Name: 'Полюбить радость' ,Description: 'Спичка выражаться видимо медицина кидать термин. Солнце процесс порода угроза зато умолять пропаганда. Табак ныне интернет.' ,Price: 5817.22 ,Amount: 76 ,Create_date: 2023-09-29 08:29:53.789934+00:00 
INFO 2023-09-29 11:29:53,797 create_product 23176 31620 Successfully create product: Name: 'Около одиннадцать' ,Description: 'Спорт ремень фонарик академик потрясти секунда. Плавно бак смертельный лиловый торговля. Проход зачем пропасть забирать.' ,Price: 8545.30 ,Amount: 85 ,Create_date: 2023-09-29 08:29:53.795082+00:00 
INFO 2023-09-29 11:29:53,800 create_product 23176 31620 Successfully create product: Name: 'Изучить темнеть' ,Description: 'Бок неудобно поймать заложить выражение заявление. Народ расстройство товар зима танцевать ставить.' ,Price: 1925.59 ,Amount: 26 ,Create_date: 2023-09-29 08:29:53.798339+00:00 
INFO 2023-09-29 11:29:53,805 create_product 23176 31620 Successfully create product: Name: 'Место спичка' ,Description: 'Факультет войти вскакивать монета сустав солнце интернет выдержать. Хлеб привлекать растеряться добиться солнце похороны желание устройство.' ,Price: 6995.59 ,Amount: 94 ,Create_date: 2023-09-29 08:29:53.801862+00:00 
INFO 2023-09-29 11:29:53,810 create_product 23176 31620 Successfully create product: Name: 'Мягкий пробовать' ,Description: 'Печатать вывести мягкий потом. Неправда указанный полевой. Миг печатать набор непривычный мрачно столетие. Пробовать труп полюбить коммунизм перебивать назначить.' ,Price: 556.49 ,Amount: 67 ,Create_date: 2023-09-29 08:29:53.805631+00:00 
INFO 2023-09-29 11:29:53,816 create_product 23176 31620 Successfully create product: Name: 'Миллиард пасть' ,Description: 'Равнодушный поставить сынок пастух дрогнуть. Сверкать налево лететь исполнять предоставить деньги. Запеть изображать непривычный.' ,Price: 6179.17 ,Amount: 54 ,Create_date: 2023-09-29 08:29:53.813010+00:00 
INFO 2023-09-29 11:29:53,820 create_product 23176 31620 Successfully create product: Name: 'Необычный смелый' ,Description: 'Грустный угроза проход лиловый рис светило заявление забирать. Недостаток свежий деловой смеяться лететь актриса.' ,Price: 3606.94 ,Amount: 7 ,Create_date: 2023-09-29 08:29:53.817558+00:00 
INFO 2023-09-29 11:29:53,824 create_product 23176 31620 Successfully create product: Name: 'Помимо спорт' ,Description: 'Спорт бетонный лететь бровь бетонный бочок решетка способ. Материя избегать отъезд. Багровый потрясти аллея мгновение.' ,Price: 2924.23 ,Amount: 66 ,Create_date: 2023-09-29 08:29:53.822135+00:00 
INFO 2023-09-29 11:29:53,828 create_product 23176 31620 Successfully create product: Name: 'Основание ремень' ,Description: 'Разнообразный хотеть палка вряд уничтожение. Самостоятельно освобождение вчера потом четыре. Пробовать избегать поздравлять протягивать миллиард.' ,Price: 4513.23 ,Amount: 34 ,Create_date: 2023-09-29 08:29:53.825359+00:00 
INFO 2023-09-29 11:29:53,832 create_product 23176 31620 Successfully create product: Name: 'Степь тревога' ,Description: 'Вскинуть бабочка увеличиваться палата.
Трубка кпсс вскакивать. Заработать неправда заявление товар войти число слать. Войти левый нажать запеть.' ,Price: 8424.67 ,Amount: 35 ,Create_date: 2023-09-29 08:29:53.829673+00:00 
INFO 2023-09-29 11:29:53,836 create_product 23176 31620 Successfully create product: Name: 'Человечек о' ,Description: 'Кидать упорно приличный сутки кожа ленинград налоговый. Приятель коричневый крыса пропасть заработать полевой. Видимо плод выражаться висеть пропадать вздрогнуть число.' ,Price: 2217.91 ,Amount: 44 ,Create_date: 2023-09-29 08:29:53.833429+00:00 
INFO 2023-09-29 11:29:53,840 create_product 23176 31620 Successfully create product: Name: 'Слишком чувство' ,Description: 'Рассуждение правый находить деловой четыре. Достоинство цвет число ученый.
Термин салон медицина доставать потянуться. Указанный потрясти а носок.' ,Price: 3751.83 ,Amount: 73 ,Create_date: 2023-09-29 08:29:53.838096+00:00 
INFO 2023-09-29 11:29:53,845 create_product 23176 31620 Successfully create product: Name: 'Мягкий дрогнуть' ,Description: 'Решетка достоинство налоговый указанный решетка проход избегать. Цвет шлем другой карандаш приятель совещание конструкция.' ,Price: 6304.73 ,Amount: 11 ,Create_date: 2023-09-29 08:29:53.842602+00:00 
INFO 2023-09-29 11:29:53,849 create_product 23176 31620 Successfully create product: Name: 'Экзамен промолчать' ,Description: 'Лапа демократия устройство исследование банк бочок снимать нервно. Расстегнуть страсть мрачно наслаждение. Успокоиться столетие радость горький бровь дыхание.' ,Price: 1598.54 ,Amount: 53 ,Create_date: 2023-09-29 08:29:53.846667+00:00 
INFO 2023-09-29 11:29:53,853 create_product 23176 31620 Successfully create product: Name: 'Непривычный страсть' ,Description: 'Картинка висеть возмутиться порог помолчать. Неожиданно коллектив премьера. Металл мучительно написать результат да увеличиваться.' ,Price: 6756.54 ,Amount: 94 ,Create_date: 2023-09-29 08:29:53.850483+00:00 
INFO 2023-09-29 11:29:53,857 create_product 23176 31620 Successfully create product: Name: 'Художественный ночь' ,Description: 'Ложиться бок пересечь решетка умолять. Госпожа невозможно приличный эффект. Командир невозможно нервно эффект.' ,Price: 413.68 ,Amount: 90 ,Create_date: 2023-09-29 08:29:53.854579+00:00 
INFO 2023-09-29 11:29:53,857 gen_fake_data 23176 31620 Added 20 record into table Products
INFO 2023-09-29 11:38:53,919 views 30520 30196 Index page accessed
INFO 2023-09-29 11:40:06,232 views 27020 16408 Index page accessed
INFO 2023-09-29 16:09:23,350 create_order 9468 26468 Successfully create order: Client: Name: 'Давыдова Валентина Ефимовна', email: shubinaalevtina@example.org, phone: '+7 389 040 5834', address: 'ст. Нижнекамск, алл. Песчаная, д. 529, 187589', register_date: 2023-09-29 08:29:53.732174+00:00, Product[s]: <QuerySet [(32, 'Мягкий пробовать', 'Печатать вывести мягкий потом. Неправда указанный полевой. Миг печатать набор непривычный мрачно столетие. Пробовать труп полюбить коммунизм перебивать назначить.', Decimal('556.49'), 67, datetime.datetime(2023, 9, 29, 8, 29, 53, 805631, tzinfo=datetime.timezone.utc)), (40, 'Мягкий дрогнуть', 'Решетка достоинство налоговый указанный решетка проход избегать. Цвет шлем другой карандаш приятель совещание конструкция.', Decimal('6304.73'), 11, datetime.datetime(2023, 9, 29, 8, 29, 53, 842602, tzinfo=datetime.timezone.utc))]>, Total price: 321.09 ,Order_date: 2023-09-29 13:09:23.337990+00:00
INFO 2023-09-29 16:09:27,279 create_order 29488 20972 Successfully create order: Client: Name: 'Давыдова Валентина Ефимовна', email: shubinaalevtina@example.org, phone: '+7 389 040 5834', address: 'ст. Нижнекамск, алл. Песчаная, д. 529, 187589', register_date: 2023-09-29 08:29:53.732174+00:00, Product[s]: <QuerySet [(32, 'Мягкий пробовать', 'Печатать вывести мягкий потом. Неправда указанный полевой. Миг печатать набор непривычный мрачно столетие. Пробовать труп полюбить коммунизм перебивать назначить.', Decimal('556.49'), 67, datetime.datetime(2023, 9, 29, 8, 29, 53, 805631, tzinfo=datetime.timezone.utc)), (40, 'Мягкий дрогнуть', 'Решетка достоинство налоговый указанный решетка проход избегать. Цвет шлем другой карандаш приятель совещание конструкция.', Decimal('6304.73'), 11, datetime.datetime(2023, 9, 29, 8, 29, 53, 842602, tzinfo=datetime.timezone.utc))]>, Total price: 321.09 ,Order_date: 2023-09-29 13:09:27.264268+00:00
INFO 2023-09-29 16:10:33,400 views 16856 26492 Index page accessed
INFO 2023-09-29 16:13:00,422 views 30252 26460 Index page accessed
INFO 2023-09-29 16:13:04,467 views 30252 26460 Index page accessed
